<?xml version="1.0" encoding="UTF-8"?>
<testsuite xmlns:xsi="http://www.w3.org/2001/XMLSchema-instance" xsi:noNamespaceSchemaLocation="https://maven.apache.org/surefire/maven-surefire-plugin/xsd/surefire-test-report-3.0.xsd" version="3.0" name="com.example.reservation.ReservationApplicationTests" time="13.075" tests="1" errors="0" skipped="0" failures="0">
  <properties>
[...]
</properties>
  <testcase name="contextLoads" classname="com.example.reservation.ReservationApplicationTests" time="0.954">
    <system-out><![CDATA[23:13:34.112 [main] INFO org.springframework.test.context.support.AnnotationConfigContextLoaderUtils -- Could not detect default configuration classes for test class [com.example.reservation.ReservationApplicationTests]: ReservationApplicationTests does not declare any static, non-private, non-final, nested classes annotated with @Configuration.
23:13:34.336 [main] INFO org.springframework.boot.test.context.SpringBootTestContextBootstrapper -- Found @SpringBootConfiguration com.example.reservation.ReservationApplication for test class com.example.reservation.ReservationApplicationTests

  .   ____          _            __ _ _
 /\\ / ___'_ __ _ _(_)_ __  __ _ \ \ \ \
( ( )\___ | '_ | '_| | '_ \/ _` | \ \ \ \
 \\/  ___)| |_)| | | | | || (_| |  ) ) ) )
  '  |____| .__|_| |_|_| |_\__, | / / / /
 =========|_|==============|___/=/_/_/_/
 :: Spring Boot ::                (v3.2.4)

2026-04-21T23:13:35.363+01:00  INFO 41476 --- [PI] [           main] c.e.r.ReservationApplicationTests        : Starting ReservationApplicationTests using Java 21.0.10 with PID 41476 (started by ASUS in C:\Users\ASUS\Documents\emnaPI)
2026-04-21T23:13:35.367+01:00  INFO 41476 --- [PI] [           main] c.e.r.ReservationApplicationTests        : No active profile set, falling back to 1 default profile: "default"
2026-04-21T23:13:36.972+01:00  INFO 41476 --- [PI] [           main] .s.d.r.c.RepositoryConfigurationDelegate : Bootstrapping Spring Data JPA repositories in DEFAULT mode.
2026-04-21T23:13:37.150+01:00  INFO 41476 --- [PI] [           main] .s.d.r.c.RepositoryConfigurationDelegate : Finished Spring Data repository scanning in 153 ms. Found 4 JPA repository interfaces.
2026-04-21T23:13:38.542+01:00  INFO 41476 --- [PI] [           main] o.hibernate.jpa.internal.util.LogHelper  : HHH000204: Processing PersistenceUnitInfo [name: default]
2026-04-21T23:13:38.758+01:00  INFO 41476 --- [PI] [           main] org.hibernate.Version                    : HHH000412: Hibernate ORM core version 6.4.4.Final
2026-04-21T23:13:38.871+01:00  INFO 41476 --- [PI] [           main] o.h.c.internal.RegionFactoryInitiator    : HHH000026: Second-level cache disabled
2026-04-21T23:13:39.701+01:00  INFO 41476 --- [PI] [           main] o.s.o.j.p.SpringPersistenceUnitInfo      : No LoadTimeWeaver setup: ignoring JPA class transformer
2026-04-21T23:13:39.769+01:00  INFO 41476 --- [PI] [           main] com.zaxxer.hikari.HikariDataSource       : HikariPool-1 - Starting...
2026-04-21T23:13:40.171+01:00  INFO 41476 --- [PI] [           main] com.zaxxer.hikari.pool.HikariPool        : HikariPool-1 - Added connection com.mysql.cj.jdbc.ConnectionImpl@3957d88b
2026-04-21T23:13:40.174+01:00  INFO 41476 --- [PI] [           main] com.zaxxer.hikari.HikariDataSource       : HikariPool-1 - Start completed.
2026-04-21T23:13:40.303+01:00  WARN 41476 --- [PI] [           main] org.hibernate.orm.deprecation            : HHH90000025: MySQLDialect does not need to be specified explicitly using 'hibernate.dialect' (remove the property setting and it will be selected by default)
2026-04-21T23:13:42.173+01:00  INFO 41476 --- [PI] [           main] o.h.e.t.j.p.i.JtaPlatformInitiator       : HHH000489: No JTA platform available (set 'hibernate.transaction.jta.platform' to enable JTA platform integration)
Hibernate: create table reservation_block_period (id bigint not null auto_increment, active bit not null, description varchar(1000), end_time datetime(6) not null, start_time datetime(6) not null, title varchar(255) not null, type enum ('HOLIDAY','EXAM','SPECIAL_EVENT','GENERAL_MAINTENANCE') not null, primary key (id)) engine=InnoDB
2026-04-21T23:13:42.452+01:00  INFO 41476 --- [PI] [           main] j.LocalContainerEntityManagerFactoryBean : Initialized JPA EntityManagerFactory for persistence unit 'default'
2026-04-21T23:13:43.152+01:00  INFO 41476 --- [PI] [           main] o.s.d.j.r.query.QueryEnhancerFactory     : Hibernate is in classpath; If applicable, HQL parser will be used.
2026-04-21T23:13:44.946+01:00  WARN 41476 --- [PI] [           main] JpaBaseConfiguration$JpaWebConfiguration : spring.jpa.open-in-view is enabled by default. Therefore, database queries may be performed during view rendering. Explicitly configure spring.jpa.open-in-view to disable this warning
2026-04-21T23:13:45.830+01:00  INFO 41476 --- [PI] [           main] c.e.r.ReservationApplicationTests        : Started ReservationApplicationTests in 11.046 seconds (process running for 13.258)
]]></system-out>
    <system-err><![CDATA[WARNING: A Java agent has been loaded dynamically (C:\Users\ASUS\.m2\repository\net\bytebuddy\byte-buddy-agent\1.14.12\byte-buddy-agent-1.14.12.jar)
WARNING: If a serviceability tool is in use, please run with -XX:+EnableDynamicAgentLoading to hide this warning
WARNING: If a serviceability tool is not in use, please run with -Djdk.instrument.traceUsage for more information
WARNING: Dynamic loading of agents will be disallowed by default in a future release
]]></system-err>
  </testcase>
</testsuite>